# ivector-compute-dot-products "cat 'data/voxceleb1_trials/voxceleb1_trials_sv' | cut -d\  --fields=1,2 |" "ark:ivector-transform exp/ivectors_voxceleb1_train/transform.mat scp:exp/ivectors_voxceleb1_test_1utt/spk_ivector.scp ark:- | ivector-normalize-length ark:- ark:- |" "ark:ivector-normalize-length scp:exp/ivectors_voxceleb1_test_1utt/ivector.scp ark:- | ivector-transform exp/ivectors_voxceleb1_train/transform.mat ark:- ark:- | ivector-normalize-length ark:- ark:- |" local/scores_voxceleb1/lda_scores 
# Started at Fri Jun  8 09:00:12 KST 2018
#
ivector-compute-dot-products 'cat '\''data/voxceleb1_trials/voxceleb1_trials_sv'\'' | cut -d\  --fields=1,2 |' 'ark:ivector-transform exp/ivectors_voxceleb1_train/transform.mat scp:exp/ivectors_voxceleb1_test_1utt/spk_ivector.scp ark:- | ivector-normalize-length ark:- ark:- |' 'ark:ivector-normalize-length scp:exp/ivectors_voxceleb1_test_1utt/ivector.scp ark:- | ivector-transform exp/ivectors_voxceleb1_train/transform.mat ark:- ark:- | ivector-normalize-length ark:- ark:- |' local/scores_voxceleb1/lda_scores 
ivector-transform exp/ivectors_voxceleb1_train/transform.mat scp:exp/ivectors_voxceleb1_test_1utt/spk_ivector.scp ark:- 
ivector-normalize-length ark:- ark:- 
ivector-normalize-length scp:exp/ivectors_voxceleb1_test_1utt/ivector.scp ark:- 
ivector-transform exp/ivectors_voxceleb1_train/transform.mat ark:- ark:- 
ivector-normalize-length ark:- ark:- 
LOG (ivector-normalize-length[5.4.122~1-08012]:main():ivector-normalize-length.cc:90) Processed 4864 iVectors.
LOG (ivector-normalize-length[5.4.122~1-08012]:main():ivector-normalize-length.cc:94) Average ratio of iVector to expected length was 0.800682, standard deviation was 0.0848773
LOG (ivector-transform[5.4.122~1-08012]:main():ivector-transform.cc:91) Processed 4864 iVectors.
LOG (ivector-transform[5.4.122~1-08012]:main():ivector-transform.cc:99) Norm of mean was 1.7258 (should be close to zero), length divided by sqrt(dim) was 1.26562 (should probably be close to one)
LOG (ivector-normalize-length[5.4.122~1-08012]:main():ivector-normalize-length.cc:90) Processed 4864 iVectors.
LOG (ivector-normalize-length[5.4.122~1-08012]:main():ivector-normalize-length.cc:94) Average ratio of iVector to expected length was 1.27048, standard deviation was 0.0868195
WARNING (ivector-compute-dot-products[5.4.122~1-08012]:main():ivector-compute-dot-products.cc:89) Key Emily_Atack/d2Lasybvo7s_0000002 not present in 2nd table of ivectors.
WARNING (ivector-compute-dot-products[5.4.122~1-08012]:main():ivector-compute-dot-products.cc:89) Key Emily_Atack/d2Lasybvo7s_0000008 not present in 2nd table of ivectors.
WARNING (ivector-compute-dot-products[5.4.122~1-08012]:main():ivector-compute-dot-products.cc:89) Key Emily_Atack/d2Lasybvo7s_0000003 not present in 2nd table of ivectors.
WARNING (ivector-compute-dot-products[5.4.122~1-08012]:main():ivector-compute-dot-products.cc:89) Key Emily_Atack/d2Lasybvo7s_0000008 not present in 2nd table of ivectors.
WARNING (ivector-compute-dot-products[5.4.122~1-08012]:main():ivector-compute-dot-products.cc:89) Key Emily_Atack/d2Lasybvo7s_0000010 not present in 2nd table of ivectors.
WARNING (ivector-compute-dot-products[5.4.122~1-08012]:main():ivector-compute-dot-products.cc:89) Key Emily_Atack/d2Lasybvo7s_0000001 not present in 2nd table of ivectors.
WARNING (ivector-compute-dot-products[5.4.122~1-08012]:main():ivector-compute-dot-products.cc:89) Key Emily_Atack/d2Lasybvo7s_0000002 not present in 2nd table of ivectors.
WARNING (ivector-compute-dot-products[5.4.122~1-08012]:main():ivector-compute-dot-products.cc:89) Key Emily_Atack/d2Lasybvo7s_0000008 not present in 2nd table of ivectors.
WARNING (ivector-compute-dot-products[5.4.122~1-08012]:main():ivector-compute-dot-products.cc:89) Key Emily_Atack/d2Lasybvo7s_0000007 not present in 2nd table of ivectors.
WARNING (ivector-compute-dot-products[5.4.122~1-08012]:main():ivector-compute-dot-products.cc:89) Key Emily_Atack/d2Lasybvo7s_0000006 not present in 2nd table of ivectors.
WARNING (ivector-compute-dot-products[5.4.122~1-08012]:main():ivector-compute-dot-products.cc:89) Key Emily_Atack/d2Lasybvo7s_0000004 not present in 2nd table of ivectors.
WARNING (ivector-compute-dot-products[5.4.122~1-08012]:main():ivector-compute-dot-products.cc:89) Key Emily_Atack/d2Lasybvo7s_0000004 not present in 2nd table of ivectors.
WARNING (ivector-compute-dot-products[5.4.122~1-08012]:main():ivector-compute-dot-products.cc:89) Key Emily_Atack/d2Lasybvo7s_0000008 not present in 2nd table of ivectors.
WARNING (ivector-compute-dot-products[5.4.122~1-08012]:main():ivector-compute-dot-products.cc:89) Key Emily_Atack/d2Lasybvo7s_0000007 not present in 2nd table of ivectors.
WARNING (ivector-compute-dot-products[5.4.122~1-08012]:main():ivector-compute-dot-products.cc:89) Key Emily_Atack/d2Lasybvo7s_0000010 not present in 2nd table of ivectors.
WARNING (ivector-compute-dot-products[5.4.122~1-08012]:main():ivector-compute-dot-products.cc:89) Key Emily_Atack/d2Lasybvo7s_0000008 not present in 2nd table of ivectors.
WARNING (ivector-compute-dot-products[5.4.122~1-08012]:main():ivector-compute-dot-products.cc:89) Key Emily_Atack/d2Lasybvo7s_0000009 not present in 2nd table of ivectors.
WARNING (ivector-compute-dot-products[5.4.122~1-08012]:main():ivector-compute-dot-products.cc:89) Key Emily_Atack/d2Lasybvo7s_0000008 not present in 2nd table of ivectors.
WARNING (ivector-compute-dot-products[5.4.122~1-08012]:main():ivector-compute-dot-products.cc:89) Key Emily_Atack/d2Lasybvo7s_0000006 not present in 2nd table of ivectors.
WARNING (ivector-compute-dot-products[5.4.122~1-08012]:main():ivector-compute-dot-products.cc:89) Key Emily_Atack/d2Lasybvo7s_0000009 not present in 2nd table of ivectors.
WARNING (ivector-compute-dot-products[5.4.122~1-08012]:main():ivector-compute-dot-products.cc:89) Key Emily_Atack/d2Lasybvo7s_0000008 not present in 2nd table of ivectors.
WARNING (ivector-compute-dot-products[5.4.122~1-08012]:main():ivector-compute-dot-products.cc:89) Key Emily_Atack/d2Lasybvo7s_0000001 not present in 2nd table of ivectors.
WARNING (ivector-compute-dot-products[5.4.122~1-08012]:main():ivector-compute-dot-products.cc:89) Key Emily_Atack/d2Lasybvo7s_0000006 not present in 2nd table of ivectors.
WARNING (ivector-compute-dot-products[5.4.122~1-08012]:main():ivector-compute-dot-products.cc:89) Key Emily_Atack/d2Lasybvo7s_0000002 not present in 2nd table of ivectors.
WARNING (ivector-compute-dot-products[5.4.122~1-08012]:main():ivector-compute-dot-products.cc:89) Key Emily_Atack/d2Lasybvo7s_0000010 not present in 2nd table of ivectors.
WARNING (ivector-compute-dot-products[5.4.122~1-08012]:main():ivector-compute-dot-products.cc:89) Key Emily_Atack/d2Lasybvo7s_0000004 not present in 2nd table of ivectors.
WARNING (ivector-compute-dot-products[5.4.122~1-08012]:main():ivector-compute-dot-products.cc:89) Key Emily_Atack/d2Lasybvo7s_0000006 not present in 2nd table of ivectors.
WARNING (ivector-compute-dot-products[5.4.122~1-08012]:main():ivector-compute-dot-products.cc:89) Key Emily_Atack/d2Lasybvo7s_0000004 not present in 2nd table of ivectors.
WARNING (ivector-compute-dot-products[5.4.122~1-08012]:main():ivector-compute-dot-products.cc:89) Key Emily_Atack/d2Lasybvo7s_0000007 not present in 2nd table of ivectors.
WARNING (ivector-compute-dot-products[5.4.122~1-08012]:main():ivector-compute-dot-products.cc:89) Key Emily_Atack/d2Lasybvo7s_0000010 not present in 2nd table of ivectors.
WARNING (ivector-compute-dot-products[5.4.122~1-08012]:main():ivector-compute-dot-products.cc:89) Key Emily_Atack/d2Lasybvo7s_0000003 not present in 2nd table of ivectors.
WARNING (ivector-compute-dot-products[5.4.122~1-08012]:main():ivector-compute-dot-products.cc:89) Key Emily_Atack/d2Lasybvo7s_0000002 not present in 2nd table of ivectors.
WARNING (ivector-compute-dot-products[5.4.122~1-08012]:main():ivector-compute-dot-products.cc:89) Key Emily_Atack/d2Lasybvo7s_0000006 not present in 2nd table of ivectors.
LOG (ivector-transform[5.4.122~1-08012]:main():ivector-transform.cc:91) Processed 4864 iVectors.
LOG (ivector-transform[5.4.122~1-08012]:main():ivector-transform.cc:99) Norm of mean was 1.7258 (should be close to zero), length divided by sqrt(dim) was 1.26562 (should probably be close to one)
LOG (ivector-normalize-length[5.4.122~1-08012]:main():ivector-normalize-length.cc:90) Processed 4864 iVectors.
LOG (ivector-normalize-length[5.4.122~1-08012]:main():ivector-normalize-length.cc:94) Average ratio of iVector to expected length was 1.27048, standard deviation was 0.0868199
WARNING (ivector-compute-dot-products[5.4.122~1-08012]:main():ivector-compute-dot-products.cc:84) Key Emily_Atack/d2Lasybvo7s_0000001 not present in 1st table of ivectors.
WARNING (ivector-compute-dot-products[5.4.122~1-08012]:main():ivector-compute-dot-products.cc:84) Key Emily_Atack/d2Lasybvo7s_0000001 not present in 1st table of ivectors.
WARNING (ivector-compute-dot-products[5.4.122~1-08012]:main():ivector-compute-dot-products.cc:84) Key Emily_Atack/d2Lasybvo7s_0000001 not present in 1st table of ivectors.
WARNING (ivector-compute-dot-products[5.4.122~1-08012]:main():ivector-compute-dot-products.cc:84) Key Emily_Atack/d2Lasybvo7s_0000001 not present in 1st table of ivectors.
WARNING (ivector-compute-dot-products[5.4.122~1-08012]:main():ivector-compute-dot-products.cc:84) Key Emily_Atack/d2Lasybvo7s_0000001 not present in 1st table of ivectors.
WARNING (ivector-compute-dot-products[5.4.122~1-08012]:main():ivector-compute-dot-products.cc:84) Key Emily_Atack/d2Lasybvo7s_0000001 not present in 1st table of ivectors.
WARNING (ivector-compute-dot-products[5.4.122~1-08012]:main():ivector-compute-dot-products.cc:84) Key Emily_Atack/d2Lasybvo7s_0000001 not present in 1st table of ivectors.
WARNING (ivector-compute-dot-products[5.4.122~1-08012]:main():ivector-compute-dot-products.cc:84) Key Emily_Atack/d2Lasybvo7s_0000001 not present in 1st table of ivectors.
WARNING (ivector-compute-dot-products[5.4.122~1-08012]:main():ivector-compute-dot-products.cc:84) Key Emily_Atack/d2Lasybvo7s_0000002 not present in 1st table of ivectors.
WARNING (ivector-compute-dot-products[5.4.122~1-08012]:main():ivector-compute-dot-products.cc:84) Key Emily_Atack/d2Lasybvo7s_0000002 not present in 1st table of ivectors.
WARNING (ivector-compute-dot-products[5.4.122~1-08012]:main():ivector-compute-dot-products.cc:84) Key Emily_Atack/d2Lasybvo7s_0000002 not present in 1st table of ivectors.
WARNING (ivector-compute-dot-products[5.4.122~1-08012]:main():ivector-compute-dot-products.cc:84) Key Emily_Atack/d2Lasybvo7s_0000002 not present in 1st table of ivectors.
WARNING (ivector-compute-dot-products[5.4.122~1-08012]:main():ivector-compute-dot-products.cc:84) Key Emily_Atack/d2Lasybvo7s_0000002 not present in 1st table of ivectors.
WARNING (ivector-compute-dot-products[5.4.122~1-08012]:main():ivector-compute-dot-products.cc:84) Key Emily_Atack/d2Lasybvo7s_0000002 not present in 1st table of ivectors.
WARNING (ivector-compute-dot-products[5.4.122~1-08012]:main():ivector-compute-dot-products.cc:84) Key Emily_Atack/d2Lasybvo7s_0000002 not present in 1st table of ivectors.
WARNING (ivector-compute-dot-products[5.4.122~1-08012]:main():ivector-compute-dot-products.cc:84) Key Emily_Atack/d2Lasybvo7s_0000002 not present in 1st table of ivectors.
WARNING (ivector-compute-dot-products[5.4.122~1-08012]:main():ivector-compute-dot-products.cc:84) Key Emily_Atack/d2Lasybvo7s_0000003 not present in 1st table of ivectors.
WARNING (ivector-compute-dot-products[5.4.122~1-08012]:main():ivector-compute-dot-products.cc:84) Key Emily_Atack/d2Lasybvo7s_0000003 not present in 1st table of ivectors.
WARNING (ivector-compute-dot-products[5.4.122~1-08012]:main():ivector-compute-dot-products.cc:84) Key Emily_Atack/d2Lasybvo7s_0000003 not present in 1st table of ivectors.
WARNING (ivector-compute-dot-products[5.4.122~1-08012]:main():ivector-compute-dot-products.cc:84) Key Emily_Atack/d2Lasybvo7s_0000003 not present in 1st table of ivectors.
WARNING (ivector-compute-dot-products[5.4.122~1-08012]:main():ivector-compute-dot-products.cc:84) Key Emily_Atack/d2Lasybvo7s_0000003 not present in 1st table of ivectors.
WARNING (ivector-compute-dot-products[5.4.122~1-08012]:main():ivector-compute-dot-products.cc:84) Key Emily_Atack/d2Lasybvo7s_0000003 not present in 1st table of ivectors.
WARNING (ivector-compute-dot-products[5.4.122~1-08012]:main():ivector-compute-dot-products.cc:84) Key Emily_Atack/d2Lasybvo7s_0000003 not present in 1st table of ivectors.
WARNING (ivector-compute-dot-products[5.4.122~1-08012]:main():ivector-compute-dot-products.cc:84) Key Emily_Atack/d2Lasybvo7s_0000003 not present in 1st table of ivectors.
WARNING (ivector-compute-dot-products[5.4.122~1-08012]:main():ivector-compute-dot-products.cc:84) Key Emily_Atack/d2Lasybvo7s_0000004 not present in 1st table of ivectors.
WARNING (ivector-compute-dot-products[5.4.122~1-08012]:main():ivector-compute-dot-products.cc:84) Key Emily_Atack/d2Lasybvo7s_0000004 not present in 1st table of ivectors.
WARNING (ivector-compute-dot-products[5.4.122~1-08012]:main():ivector-compute-dot-products.cc:84) Key Emily_Atack/d2Lasybvo7s_0000004 not present in 1st table of ivectors.
WARNING (ivector-compute-dot-products[5.4.122~1-08012]:main():ivector-compute-dot-products.cc:84) Key Emily_Atack/d2Lasybvo7s_0000004 not present in 1st table of ivectors.
WARNING (ivector-compute-dot-products[5.4.122~1-08012]:main():ivector-compute-dot-products.cc:84) Key Emily_Atack/d2Lasybvo7s_0000004 not present in 1st table of ivectors.
WARNING (ivector-compute-dot-products[5.4.122~1-08012]:main():ivector-compute-dot-products.cc:84) Key Emily_Atack/d2Lasybvo7s_0000004 not present in 1st table of ivectors.
WARNING (ivector-compute-dot-products[5.4.122~1-08012]:main():ivector-compute-dot-products.cc:84) Key Emily_Atack/d2Lasybvo7s_0000004 not present in 1st table of ivectors.
WARNING (ivector-compute-dot-products[5.4.122~1-08012]:main():ivector-compute-dot-products.cc:84) Key Emily_Atack/d2Lasybvo7s_0000004 not present in 1st table of ivectors.
WARNING (ivector-compute-dot-products[5.4.122~1-08012]:main():ivector-compute-dot-products.cc:84) Key Emily_Atack/d2Lasybvo7s_0000005 not present in 1st table of ivectors.
WARNING (ivector-compute-dot-products[5.4.122~1-08012]:main():ivector-compute-dot-products.cc:84) Key Emily_Atack/d2Lasybvo7s_0000005 not present in 1st table of ivectors.
WARNING (ivector-compute-dot-products[5.4.122~1-08012]:main():ivector-compute-dot-products.cc:84) Key Emily_Atack/d2Lasybvo7s_0000005 not present in 1st table of ivectors.
WARNING (ivector-compute-dot-products[5.4.122~1-08012]:main():ivector-compute-dot-products.cc:84) Key Emily_Atack/d2Lasybvo7s_0000005 not present in 1st table of ivectors.
WARNING (ivector-compute-dot-products[5.4.122~1-08012]:main():ivector-compute-dot-products.cc:84) Key Emily_Atack/d2Lasybvo7s_0000005 not present in 1st table of ivectors.
WARNING (ivector-compute-dot-products[5.4.122~1-08012]:main():ivector-compute-dot-products.cc:84) Key Emily_Atack/d2Lasybvo7s_0000005 not present in 1st table of ivectors.
WARNING (ivector-compute-dot-products[5.4.122~1-08012]:main():ivector-compute-dot-products.cc:84) Key Emily_Atack/d2Lasybvo7s_0000005 not present in 1st table of ivectors.
WARNING (ivector-compute-dot-products[5.4.122~1-08012]:main():ivector-compute-dot-products.cc:84) Key Emily_Atack/d2Lasybvo7s_0000005 not present in 1st table of ivectors.
WARNING (ivector-compute-dot-products[5.4.122~1-08012]:main():ivector-compute-dot-products.cc:84) Key Emily_Atack/d2Lasybvo7s_0000006 not present in 1st table of ivectors.
WARNING (ivector-compute-dot-products[5.4.122~1-08012]:main():ivector-compute-dot-products.cc:84) Key Emily_Atack/d2Lasybvo7s_0000006 not present in 1st table of ivectors.
WARNING (ivector-compute-dot-products[5.4.122~1-08012]:main():ivector-compute-dot-products.cc:84) Key Emily_Atack/d2Lasybvo7s_0000006 not present in 1st table of ivectors.
WARNING (ivector-compute-dot-products[5.4.122~1-08012]:main():ivector-compute-dot-products.cc:84) Key Emily_Atack/d2Lasybvo7s_0000006 not present in 1st table of ivectors.
WARNING (ivector-compute-dot-products[5.4.122~1-08012]:main():ivector-compute-dot-products.cc:84) Key Emily_Atack/d2Lasybvo7s_0000006 not present in 1st table of ivectors.
WARNING (ivector-compute-dot-products[5.4.122~1-08012]:main():ivector-compute-dot-products.cc:84) Key Emily_Atack/d2Lasybvo7s_0000006 not present in 1st table of ivectors.
WARNING (ivector-compute-dot-products[5.4.122~1-08012]:main():ivector-compute-dot-products.cc:84) Key Emily_Atack/d2Lasybvo7s_0000006 not present in 1st table of ivectors.
WARNING (ivector-compute-dot-products[5.4.122~1-08012]:main():ivector-compute-dot-products.cc:84) Key Emily_Atack/d2Lasybvo7s_0000006 not present in 1st table of ivectors.
WARNING (ivector-compute-dot-products[5.4.122~1-08012]:main():ivector-compute-dot-products.cc:84) Key Emily_Atack/d2Lasybvo7s_0000007 not present in 1st table of ivectors.
WARNING (ivector-compute-dot-products[5.4.122~1-08012]:main():ivector-compute-dot-products.cc:84) Key Emily_Atack/d2Lasybvo7s_0000007 not present in 1st table of ivectors.
WARNING (ivector-compute-dot-products[5.4.122~1-08012]:main():ivector-compute-dot-products.cc:84) Key Emily_Atack/d2Lasybvo7s_0000007 not present in 1st table of ivectors.
WARNING (ivector-compute-dot-products[5.4.122~1-08012]:main():ivector-compute-dot-products.cc:84) Key Emily_Atack/d2Lasybvo7s_0000007 not present in 1st table of ivectors.
WARNING (ivector-compute-dot-products[5.4.122~1-08012]:main():ivector-compute-dot-products.cc:84) Key Emily_Atack/d2Lasybvo7s_0000007 not present in 1st table of ivectors.
WARNING (ivector-compute-dot-products[5.4.122~1-08012]:main():ivector-compute-dot-products.cc:84) Key Emily_Atack/d2Lasybvo7s_0000007 not present in 1st table of ivectors.
WARNING (ivector-compute-dot-products[5.4.122~1-08012]:main():ivector-compute-dot-products.cc:84) Key Emily_Atack/d2Lasybvo7s_0000007 not present in 1st table of ivectors.
WARNING (ivector-compute-dot-products[5.4.122~1-08012]:main():ivector-compute-dot-products.cc:84) Key Emily_Atack/d2Lasybvo7s_0000007 not present in 1st table of ivectors.
WARNING (ivector-compute-dot-products[5.4.122~1-08012]:main():ivector-compute-dot-products.cc:84) Key Emily_Atack/d2Lasybvo7s_0000008 not present in 1st table of ivectors.
WARNING (ivector-compute-dot-products[5.4.122~1-08012]:main():ivector-compute-dot-products.cc:84) Key Emily_Atack/d2Lasybvo7s_0000008 not present in 1st table of ivectors.
WARNING (ivector-compute-dot-products[5.4.122~1-08012]:main():ivector-compute-dot-products.cc:84) Key Emily_Atack/d2Lasybvo7s_0000008 not present in 1st table of ivectors.
WARNING (ivector-compute-dot-products[5.4.122~1-08012]:main():ivector-compute-dot-products.cc:84) Key Emily_Atack/d2Lasybvo7s_0000008 not present in 1st table of ivectors.
WARNING (ivector-compute-dot-products[5.4.122~1-08012]:main():ivector-compute-dot-products.cc:84) Key Emily_Atack/d2Lasybvo7s_0000008 not present in 1st table of ivectors.
WARNING (ivector-compute-dot-products[5.4.122~1-08012]:main():ivector-compute-dot-products.cc:84) Key Emily_Atack/d2Lasybvo7s_0000008 not present in 1st table of ivectors.
WARNING (ivector-compute-dot-products[5.4.122~1-08012]:main():ivector-compute-dot-products.cc:84) Key Emily_Atack/d2Lasybvo7s_0000008 not present in 1st table of ivectors.
WARNING (ivector-compute-dot-products[5.4.122~1-08012]:main():ivector-compute-dot-products.cc:84) Key Emily_Atack/d2Lasybvo7s_0000008 not present in 1st table of ivectors.
WARNING (ivector-compute-dot-products[5.4.122~1-08012]:main():ivector-compute-dot-products.cc:84) Key Emily_Atack/d2Lasybvo7s_0000009 not present in 1st table of ivectors.
WARNING (ivector-compute-dot-products[5.4.122~1-08012]:main():ivector-compute-dot-products.cc:84) Key Emily_Atack/d2Lasybvo7s_0000009 not present in 1st table of ivectors.
WARNING (ivector-compute-dot-products[5.4.122~1-08012]:main():ivector-compute-dot-products.cc:84) Key Emily_Atack/d2Lasybvo7s_0000009 not present in 1st table of ivectors.
WARNING (ivector-compute-dot-products[5.4.122~1-08012]:main():ivector-compute-dot-products.cc:84) Key Emily_Atack/d2Lasybvo7s_0000009 not present in 1st table of ivectors.
WARNING (ivector-compute-dot-products[5.4.122~1-08012]:main():ivector-compute-dot-products.cc:84) Key Emily_Atack/d2Lasybvo7s_0000009 not present in 1st table of ivectors.
WARNING (ivector-compute-dot-products[5.4.122~1-08012]:main():ivector-compute-dot-products.cc:84) Key Emily_Atack/d2Lasybvo7s_0000009 not present in 1st table of ivectors.
WARNING (ivector-compute-dot-products[5.4.122~1-08012]:main():ivector-compute-dot-products.cc:84) Key Emily_Atack/d2Lasybvo7s_0000009 not present in 1st table of ivectors.
WARNING (ivector-compute-dot-products[5.4.122~1-08012]:main():ivector-compute-dot-products.cc:84) Key Emily_Atack/d2Lasybvo7s_0000009 not present in 1st table of ivectors.
WARNING (ivector-compute-dot-products[5.4.122~1-08012]:main():ivector-compute-dot-products.cc:84) Key Emily_Atack/d2Lasybvo7s_0000010 not present in 1st table of ivectors.
WARNING (ivector-compute-dot-products[5.4.122~1-08012]:main():ivector-compute-dot-products.cc:84) Key Emily_Atack/d2Lasybvo7s_0000010 not present in 1st table of ivectors.
WARNING (ivector-compute-dot-products[5.4.122~1-08012]:main():ivector-compute-dot-products.cc:84) Key Emily_Atack/d2Lasybvo7s_0000010 not present in 1st table of ivectors.
WARNING (ivector-compute-dot-products[5.4.122~1-08012]:main():ivector-compute-dot-products.cc:84) Key Emily_Atack/d2Lasybvo7s_0000010 not present in 1st table of ivectors.
WARNING (ivector-compute-dot-products[5.4.122~1-08012]:main():ivector-compute-dot-products.cc:84) Key Emily_Atack/d2Lasybvo7s_0000010 not present in 1st table of ivectors.
WARNING (ivector-compute-dot-products[5.4.122~1-08012]:main():ivector-compute-dot-products.cc:84) Key Emily_Atack/d2Lasybvo7s_0000010 not present in 1st table of ivectors.
WARNING (ivector-compute-dot-products[5.4.122~1-08012]:main():ivector-compute-dot-products.cc:84) Key Emily_Atack/d2Lasybvo7s_0000010 not present in 1st table of ivectors.
WARNING (ivector-compute-dot-products[5.4.122~1-08012]:main():ivector-compute-dot-products.cc:84) Key Emily_Atack/d2Lasybvo7s_0000010 not present in 1st table of ivectors.
WARNING (ivector-compute-dot-products[5.4.122~1-08012]:main():ivector-compute-dot-products.cc:89) Key Emily_Atack/d2Lasybvo7s_0000006 not present in 2nd table of ivectors.
WARNING (ivector-compute-dot-products[5.4.122~1-08012]:main():ivector-compute-dot-products.cc:89) Key Emily_Atack/d2Lasybvo7s_0000009 not present in 2nd table of ivectors.
WARNING (ivector-compute-dot-products[5.4.122~1-08012]:main():ivector-compute-dot-products.cc:89) Key Emily_Atack/d2Lasybvo7s_0000007 not present in 2nd table of ivectors.
WARNING (ivector-compute-dot-products[5.4.122~1-08012]:main():ivector-compute-dot-products.cc:89) Key Emily_Atack/d2Lasybvo7s_0000009 not present in 2nd table of ivectors.
WARNING (ivector-compute-dot-products[5.4.122~1-08012]:main():ivector-compute-dot-products.cc:89) Key Emily_Atack/d2Lasybvo7s_0000003 not present in 2nd table of ivectors.
WARNING (ivector-compute-dot-products[5.4.122~1-08012]:main():ivector-compute-dot-products.cc:89) Key Emily_Atack/d2Lasybvo7s_0000005 not present in 2nd table of ivectors.
WARNING (ivector-compute-dot-products[5.4.122~1-08012]:main():ivector-compute-dot-products.cc:89) Key Emily_Atack/d2Lasybvo7s_0000007 not present in 2nd table of ivectors.
WARNING (ivector-compute-dot-products[5.4.122~1-08012]:main():ivector-compute-dot-products.cc:89) Key Emily_Atack/d2Lasybvo7s_0000010 not present in 2nd table of ivectors.
WARNING (ivector-compute-dot-products[5.4.122~1-08012]:main():ivector-compute-dot-products.cc:89) Key Emily_Atack/d2Lasybvo7s_0000004 not present in 2nd table of ivectors.
WARNING (ivector-compute-dot-products[5.4.122~1-08012]:main():ivector-compute-dot-products.cc:89) Key Emily_Atack/d2Lasybvo7s_0000010 not present in 2nd table of ivectors.
WARNING (ivector-compute-dot-products[5.4.122~1-08012]:main():ivector-compute-dot-products.cc:89) Key Emily_Atack/d2Lasybvo7s_0000002 not present in 2nd table of ivectors.
WARNING (ivector-compute-dot-products[5.4.122~1-08012]:main():ivector-compute-dot-products.cc:89) Key Emily_Atack/d2Lasybvo7s_0000005 not present in 2nd table of ivectors.
WARNING (ivector-compute-dot-products[5.4.122~1-08012]:main():ivector-compute-dot-products.cc:89) Key Emily_Atack/d2Lasybvo7s_0000001 not present in 2nd table of ivectors.
WARNING (ivector-compute-dot-products[5.4.122~1-08012]:main():ivector-compute-dot-products.cc:89) Key Emily_Atack/d2Lasybvo7s_0000006 not present in 2nd table of ivectors.
WARNING (ivector-compute-dot-products[5.4.122~1-08012]:main():ivector-compute-dot-products.cc:89) Key Emily_Atack/d2Lasybvo7s_0000002 not present in 2nd table of ivectors.
WARNING (ivector-compute-dot-products[5.4.122~1-08012]:main():ivector-compute-dot-products.cc:89) Key Emily_Atack/d2Lasybvo7s_0000001 not present in 2nd table of ivectors.
WARNING (ivector-compute-dot-products[5.4.122~1-08012]:main():ivector-compute-dot-products.cc:89) Key Emily_Atack/d2Lasybvo7s_0000007 not present in 2nd table of ivectors.
WARNING (ivector-compute-dot-products[5.4.122~1-08012]:main():ivector-compute-dot-products.cc:89) Key Emily_Atack/d2Lasybvo7s_0000007 not present in 2nd table of ivectors.
WARNING (ivector-compute-dot-products[5.4.122~1-08012]:main():ivector-compute-dot-products.cc:89) Key Emily_Atack/d2Lasybvo7s_0000006 not present in 2nd table of ivectors.
WARNING (ivector-compute-dot-products[5.4.122~1-08012]:main():ivector-compute-dot-products.cc:89) Key Emily_Atack/d2Lasybvo7s_0000003 not present in 2nd table of ivectors.
WARNING (ivector-compute-dot-products[5.4.122~1-08012]:main():ivector-compute-dot-products.cc:89) Key Emily_Atack/d2Lasybvo7s_0000005 not present in 2nd table of ivectors.
WARNING (ivector-compute-dot-products[5.4.122~1-08012]:main():ivector-compute-dot-products.cc:89) Key Emily_Atack/d2Lasybvo7s_0000001 not present in 2nd table of ivectors.
WARNING (ivector-compute-dot-products[5.4.122~1-08012]:main():ivector-compute-dot-products.cc:89) Key Emily_Atack/d2Lasybvo7s_0000002 not present in 2nd table of ivectors.
WARNING (ivector-compute-dot-products[5.4.122~1-08012]:main():ivector-compute-dot-products.cc:89) Key Emily_Atack/d2Lasybvo7s_0000001 not present in 2nd table of ivectors.
WARNING (ivector-compute-dot-products[5.4.122~1-08012]:main():ivector-compute-dot-products.cc:89) Key Emily_Atack/d2Lasybvo7s_0000003 not present in 2nd table of ivectors.
WARNING (ivector-compute-dot-products[5.4.122~1-08012]:main():ivector-compute-dot-products.cc:89) Key Emily_Atack/d2Lasybvo7s_0000004 not present in 2nd table of ivectors.
WARNING (ivector-compute-dot-products[5.4.122~1-08012]:main():ivector-compute-dot-products.cc:89) Key Emily_Atack/d2Lasybvo7s_0000003 not present in 2nd table of ivectors.
WARNING (ivector-compute-dot-products[5.4.122~1-08012]:main():ivector-compute-dot-products.cc:89) Key Emily_Atack/d2Lasybvo7s_0000010 not present in 2nd table of ivectors.
WARNING (ivector-compute-dot-products[5.4.122~1-08012]:main():ivector-compute-dot-products.cc:89) Key Emily_Atack/d2Lasybvo7s_0000001 not present in 2nd table of ivectors.
WARNING (ivector-compute-dot-products[5.4.122~1-08012]:main():ivector-compute-dot-products.cc:89) Key Emily_Atack/d2Lasybvo7s_0000003 not present in 2nd table of ivectors.
WARNING (ivector-compute-dot-products[5.4.122~1-08012]:main():ivector-compute-dot-products.cc:89) Key Emily_Atack/d2Lasybvo7s_0000007 not present in 2nd table of ivectors.
WARNING (ivector-compute-dot-products[5.4.122~1-08012]:main():ivector-compute-dot-products.cc:89) Key Emily_Atack/d2Lasybvo7s_0000010 not present in 2nd table of ivectors.
WARNING (ivector-compute-dot-products[5.4.122~1-08012]:main():ivector-compute-dot-products.cc:89) Key Emily_Atack/d2Lasybvo7s_0000007 not present in 2nd table of ivectors.
WARNING (ivector-compute-dot-products[5.4.122~1-08012]:main():ivector-compute-dot-products.cc:89) Key Emily_Atack/d2Lasybvo7s_0000006 not present in 2nd table of ivectors.
WARNING (ivector-compute-dot-products[5.4.122~1-08012]:main():ivector-compute-dot-products.cc:89) Key Emily_Atack/d2Lasybvo7s_0000004 not present in 2nd table of ivectors.
WARNING (ivector-compute-dot-products[5.4.122~1-08012]:main():ivector-compute-dot-products.cc:89) Key Emily_Atack/d2Lasybvo7s_0000004 not present in 2nd table of ivectors.
WARNING (ivector-compute-dot-products[5.4.122~1-08012]:main():ivector-compute-dot-products.cc:89) Key Emily_Atack/d2Lasybvo7s_0000004 not present in 2nd table of ivectors.
WARNING (ivector-compute-dot-products[5.4.122~1-08012]:main():ivector-compute-dot-products.cc:89) Key Emily_Atack/d2Lasybvo7s_0000009 not present in 2nd table of ivectors.
WARNING (ivector-compute-dot-products[5.4.122~1-08012]:main():ivector-compute-dot-products.cc:89) Key Emily_Atack/d2Lasybvo7s_0000010 not present in 2nd table of ivectors.
WARNING (ivector-compute-dot-products[5.4.122~1-08012]:main():ivector-compute-dot-products.cc:89) Key Emily_Atack/d2Lasybvo7s_0000002 not present in 2nd table of ivectors.
WARNING (ivector-compute-dot-products[5.4.122~1-08012]:main():ivector-compute-dot-products.cc:89) Key Emily_Atack/d2Lasybvo7s_0000006 not present in 2nd table of ivectors.
LOG (ivector-compute-dot-products[5.4.122~1-08012]:main():ivector-compute-dot-products.cc:108) Mean dot-product was 23.8267, standard deviation was 29.1466
LOG (ivector-compute-dot-products[5.4.122~1-08012]:main():ivector-compute-dot-products.cc:111) Processed 37566 trials 154 had errors.
# Accounting: time=2 threads=1
# Ended (code 0) at Fri Jun  8 09:00:14 KST 2018, elapsed time 2 seconds
